<?xml version="1.0" encoding="UTF-8"?>
<testsuite name="TestSuite" time="12.581" tests="7" errors="0" skipped="2" failures="0">
  <properties>
    <property name="jansi.mode" value="force"/>
    <property name="java.runtime.name" value="OpenJDK Runtime Environment"/>
    <property name="java.vm.version" value="17.0.10+7"/>
    <property name="sun.boot.library.path" value="/Users/bhavinrana/.p2/pool/plugins/org.eclipse.justj.openjdk.hotspot.jre.full.macosx.x86_64_17.0.10.v20240120-1143/jre/lib"/>
    <property name="maven.multiModuleProjectDirectory" value="/Users/bhavinrana/Documents/Eclipse/DataDrivenFramework"/>
    <property name="java.vm.vendor" value="Eclipse Adoptium"/>
    <property name="java.vendor.url" value="https://adoptium.net/"/>
    <property name="guice.disable.misplaced.annotation.check" value="true"/>
    <property name="path.separator" value=":"/>
    <property name="java.vm.name" value="OpenJDK 64-Bit Server VM"/>
    <property name="user.country" value="IN"/>
    <property name="sun.java.launcher" value="SUN_STANDARD"/>
    <property name="java.vm.specification.name" value="Java Virtual Machine Specification"/>
    <property name="user.dir" value="/Users/bhavinrana/Documents/Eclipse/DataDrivenFramework"/>
    <property name="java.vm.compressedOopsMode" value="Zero based"/>
    <property name="java.runtime.version" value="17.0.10+7"/>
    <property name="os.arch" value="x86_64"/>
    <property name="java.io.tmpdir" value="/var/folders/4j/qk8llxtn443fg0mgthq_khsr0000gn/T/"/>
    <property name="line.separator" value="&#10;"/>
    <property name="java.vm.specification.vendor" value="Oracle Corporation"/>
    <property name="stderr.encoding" value="UTF-8"/>
    <property name="os.name" value="Mac OS X"/>
    <property name="classworlds.conf" value="/Users/bhavinrana/Documents/Eclipse/.metadata/.plugins/org.eclipse.m2e.launching/launches/m2conf2175632752739251496.tmp"/>
    <property name="sun.jnu.encoding" value="UTF-8"/>
    <property name="stdout.encoding" value="UTF-8"/>
    <property name="java.library.path" value="/Users/bhavinrana/Library/Java/Extensions:/Library/Java/Extensions:/Network/Library/Java/Extensions:/System/Library/Java/Extensions:/usr/lib/java:."/>
    <property name="jdk.debug" value="release"/>
    <property name="java.class.version" value="61.0"/>
    <property name="java.specification.name" value="Java Platform API Specification"/>
    <property name="sun.management.compiler" value="HotSpot 64-Bit Tiered Compilers"/>
    <property name="os.version" value="13.3.1"/>
    <property name="http.nonProxyHosts" value="local|*.local|169.254/16|*.169.254/16"/>
    <property name="user.home" value="/Users/bhavinrana"/>
    <property name="user.timezone" value="Asia/Kolkata"/>
    <property name="file.encoding" value="UTF-8"/>
    <property name="java.specification.version" value="17"/>
    <property name="user.name" value="bhavinrana"/>
    <property name="java.class.path" value="/Users/bhavinrana/.p2/pool/plugins/org.eclipse.m2e.maven.runtime_3.9.600.20231203-1234/jars/plexus-classworlds-2.7.0.jar"/>
    <property name="java.vm.specification.version" value="17"/>
    <property name="sun.arch.data.model" value="64"/>
    <property name="sun.java.command" value="org.codehaus.plexus.classworlds.launcher.Launcher -B -Dstyle.color=always test"/>
    <property name="java.home" value="/Users/bhavinrana/.p2/pool/plugins/org.eclipse.justj.openjdk.hotspot.jre.full.macosx.x86_64_17.0.10.v20240120-1143/jre"/>
    <property name="user.language" value="en"/>
    <property name="java.specification.vendor" value="Oracle Corporation"/>
    <property name="java.vm.info" value="mixed mode"/>
    <property name="java.version" value="17.0.10"/>
    <property name="native.encoding" value="UTF-8"/>
    <property name="java.vendor" value="Eclipse Adoptium"/>
    <property name="maven.home" value="/Users/bhavinrana/Documents/Eclipse/DataDrivenFramework/EMBEDDED"/>
    <property name="style.color" value="always"/>
    <property name="file.separator" value="/"/>
    <property name="java.version.date" value="2024-01-16"/>
    <property name="java.vendor.url.bug" value="https://github.com/adoptium/adoptium-support/issues"/>
    <property name="sun.io.unicode.encoding" value="UnicodeBig"/>
    <property name="sun.cpu.endian" value="little"/>
    <property name="java.vendor.version" value="Temurin-17.0.10+7"/>
    <property name="m2e.build.project.data.socket.port" value="50996"/>
    <property name="socksNonProxyHosts" value="local|*.local|169.254/16|*.169.254/16"/>
    <property name="ftp.nonProxyHosts" value="local|*.local|169.254/16|*.169.254/16"/>
  </properties>
  <testcase name="loginAsBankManager" classname="testCases.BankManagerLoginTest" time="12.581"/>
  <testcase name="addCustomerTest" classname="testCases.AddCustomerTest" time="0">
    <skipped/>
    <system-out><![CDATA[addCustomerTest
Total rows are : 11
Test case starts from row num: 1
Total rows of data are : 3
Total cols are : 5
]]></system-out>
    <system-err><![CDATA[log4j:WARN No appenders could be found for logger (freemarker.cache).
log4j:WARN Please initialize the log4j system properly.
log4j:WARN See http://logging.apache.org/log4j/1.2/faq.html#noconfig for more info.
ERROR StatusLogger Log4j2 could not find a logging implementation. Please add log4j-core to the classpath. Using SimpleLogger to log to the console...
]]></system-err>
  </testcase>
  <testcase name="addCustomerTest" classname="testCases.AddCustomerTest" time="10.739"/>
  <testcase name="addCustomerTest" classname="testCases.AddCustomerTest" time="11.244"/>
  <testcase name="openAccountTest" classname="testCases.OpenAccountTest" time="0">
    <skipped/>
    <system-out><![CDATA[openAccountTest
Total rows are : 11
Test case starts from row num: 7
Total rows of data are : 3
Total cols are : 4
]]></system-out>
  </testcase>
  <testcase name="openAccountTest" classname="testCases.OpenAccountTest" time="9.853"/>
  <testcase name="openAccountTest" classname="testCases.OpenAccountTest" time="16.237"/>
</testsuite>