<?xml version="1.0" encoding="UTF-8"?>
<!-- Generated by org.testng.reporters.JUnitReportReporter -->
<testsuite hostname="192.168.1.9" failures="0" tests="3" name="testCases.OpenAccountTest" time="47.463" errors="0" timestamp="2024-08-17T13:17:11 IST" skipped="1">
  <testcase classname="testCases.OpenAccountTest" name="openAccountTest" time="31.246"/>
  <testcase classname="testCases.OpenAccountTest" name="openAccountTest" time="0.368">
    <skipped/>
  </testcase> <!-- openAccountTest -->
  <testcase classname="testCases.OpenAccountTest" name="openAccountTest" time="15.849"/>
</testsuite> <!-- testCases.OpenAccountTest -->
