<?xml version="1.0" encoding="UTF-8"?>
<!-- Generated by org.testng.reporters.JUnitReportReporter -->
<testsuite hostname="192.168.1.9" failures="0" tests="1" name="testCases.BankManagerLoginTest" time="18.767" errors="0" timestamp="2024-08-17T13:17:11 IST" skipped="0">
  <testcase classname="testCases.BankManagerLoginTest" name="loginAsBankManager" time="18.767"/>
</testsuite> <!-- testCases.BankManagerLoginTest -->
