<?xml version="1.0" encoding="UTF-8"?>
<!-- Generated by org.testng.reporters.JUnitReportReporter -->
<testsuite hostname="192.168.1.5" failures="0" tests="2" name="testCases.LoginTest2" time="23.576" errors="0" timestamp="2024-08-16T15:27:32 IST" skipped="0">
  <testcase classname="testCases.LoginTest2" name="doLogin" time="7.023"/>
  <testcase classname="testCases.LoginTest2" name="doGmailLogin" time="16.553"/>
</testsuite> <!-- testCases.LoginTest2 -->
