<?xml version="1.0" encoding="UTF-8"?>
<!-- Generated by org.testng.reporters.JUnitReportReporter -->
<testsuite hostname="192.168.1.9" failures="0" tests="3" name="testCases.AddCustomerTest" time="37.921" errors="0" timestamp="2024-08-17T13:17:11 IST" skipped="1">
  <testcase classname="testCases.AddCustomerTest" name="addCustomerTest" time="1.767">
    <skipped/>
  </testcase> <!-- addCustomerTest -->
  <testcase classname="testCases.AddCustomerTest" name="addCustomerTest" time="18.078"/>
  <testcase classname="testCases.AddCustomerTest" name="addCustomerTest" time="18.076"/>
</testsuite> <!-- testCases.AddCustomerTest -->
