<?xml version="1.0" encoding="UTF-8"?>
<!-- Generated by org.testng.reporters.JUnitReportReporter -->
<testsuite hostname="192.168.1.9" failures="0" tests="1" name="testCases.BankManagerLoginTest" time="12.958" errors="0" timestamp="2024-08-17T13:28:05 IST" skipped="0">
  <testcase classname="testCases.BankManagerLoginTest" name="loginAsBankManager" time="12.958"/>
</testsuite> <!-- testCases.BankManagerLoginTest -->
