<?xml version="1.0" encoding="UTF-8"?>
<!-- Generated by org.testng.reporters.JUnitReportReporter -->
<testsuite hostname="192.168.1.9" failures="0" tests="3" name="testCases.OpenAccountTest" time="28.110" errors="0" timestamp="2024-08-17T13:28:05 IST" skipped="1">
  <testcase classname="testCases.OpenAccountTest" name="openAccountTest" time="0.111">
    <skipped/>
  </testcase> <!-- openAccountTest -->
  <testcase classname="testCases.OpenAccountTest" name="openAccountTest" time="10.345"/>
  <testcase classname="testCases.OpenAccountTest" name="openAccountTest" time="17.654"/>
</testsuite> <!-- testCases.OpenAccountTest -->
