<?xml version="1.0" encoding="UTF-8"?>
<!-- Generated by org.testng.reporters.JUnitReportReporter -->
<testsuite hostname="192.168.1.9" failures="0" tests="3" name="testCases.AddCustomerTest" time="22.899" errors="0" timestamp="2024-08-17T13:28:05 IST" skipped="1">
  <testcase classname="testCases.AddCustomerTest" name="addCustomerTest" time="0.569">
    <skipped/>
  </testcase> <!-- addCustomerTest -->
  <testcase classname="testCases.AddCustomerTest" name="addCustomerTest" time="10.749"/>
  <testcase classname="testCases.AddCustomerTest" name="addCustomerTest" time="11.581"/>
</testsuite> <!-- testCases.AddCustomerTest -->
